#
# There is insufficient memory for the Java Runtime Environment to continue.
# Native memory allocation (malloc) failed to allocate 41728 bytes. Error detail: Chunk::new
# Possible reasons:
#   The system is out of physical RAM or swap space
#   This process is running with CompressedOops enabled, and the Java Heap may be blocking the growth of the native heap
# Possible solutions:
#   Reduce memory load on the system
#   Increase physical memory or swap space
#   Check if swap backing store is full
#   Decrease Java heap size (-Xmx/-Xms)
#
#  Out of Memory Error# JRE version: OpenJDK Runtime Environment Temurin-21.0.9+10 (21.0.9+10) (build 21.0.9+10-LTS)
# Java VM: OpenJDK 64-Bit Server VM Temurin-21.0.9+10 (21.0.9+10-LTS, mixed mode, sharing, tiered, compressed oops, compressed class ptrs, parallel gc, windows-amd64)
# No core dump will be written. Minidumps are not enabled by default on client versions of Windows
#

---------------  S U M M A R Y ------------

Command Line: --add-modules=ALL-SYSTEM --add-opens=java.base/java.util=ALL-UNNAMED --add-opens=java.base/java.lang=ALL-UNNAMED --add-opens=java.base/sun.nio.fs=ALL-UNNAMED -Declipse.application=org.eclipse.jdt.ls.core.id1 -Dosgi.bundles.defaultStartLevel=4 -Declipse.product=org.eclipse.jdt.ls.core.product -Djava.import.generatesMetadataFilesAtProjectRoot=false -DDetectVMInstallationsJob.disabled=true -Dfile.encoding=utf8 -XX:+UseParallelGC -XX:GCTimeRatio=4 -XX:AdaptiveSizePolicyWeight=90 -Dsun.zip.disableMemoryMapping=true -Xmx2G -Xms100m -Xlog:disable -javaagent:c:\Users\NWAJI\.antigravity\extensions\redhat.java-1.51.0-win32-x64\lombok\lombok-1.18.39-4050.jar c:\Users\NWAJI\.antigravity\extensions\redhat.java-1.51.0-win32-x64\server\plugins\org.eclipse.equinox.launcher_1.7.100.v20251111-0406.jar -configuration c:\Users\NWAJI\AppData\Roaming\Antigravity\User\globalStorage\redhat.java\1.51.0\config_ss_win -data c:\Users\NWAJI\AppData\Roaming\Antigravity\User\workspaceStorage\9ea9b595a67986e0c930374a6114b0ef\redhat.java\ss_ws --pipe=\\.\pipe\lsp-4e23752ef1dc682b1db684612346bb78-sock

Host: Intel(R) Core(TM) i5-4200U CPU @ 1.60GHz, 4 cores, 7G,  Windows 10 , 64 bit Build 19041 (10.0.19041.5915)
Time: Thu Jan  8 04:03:01 2026 W. Central Africa Standard Time elapsed time: 29323.235433 seconds (0d 8h 8m 43s)

---------------  T H R E A D  ---------------

Current thread (0x000001c7fd506680):  JavaThread "C2 CompilerThread0" daemon [_thread_in_native, id=104492, stack(0x0000008185800000,0x0000008185900000) (1024K)]


Current CompileTask:
C2:29323407 4181   !   4       java.util.concurrent.locks.AbstractQueuedSynchronizer$ConditionObject::newConditionNode (78 bytes)

Stack: [0x0000008185800000,0x0000008185900000]
Native frames: (J=compiled Java code, j=interpreted, Vv=VM code, C=native code)
V  [jvm.dll+0x6d6e29]
V  [jvm.dll+0x8b4b76]
V  [jvm.dll+0x8b712e]
V  [jvm.dll+0x8b7813]
V  [jvm.dll+0x283d86]
V  [jvm.dll+0xc66ed]
V  [jvm.dll+0xc6c31]
V  [jvm.dll+0x3be53b]
V  [jvm.dll+0x38ab92]
V  [jvm.dll+0x389fda]
V  [jvm.dll+0x24bfa0]
V  [jvm.dll+0x24b580]
V  [jvm.dll+0x1cb13e]
V  [jvm.dll+0x25b29d]
V  [jvm.dll+0x25982a]
V  [jvm.dll+0x3f7ea6]
V  [jvm.dll+0x85e9ad]
V  [jvm.dll+0x6d565d]
C  [ucrtbase.dll+0x21bb2]
C  [KERNEL32.DLL+0x17374]
C  [ntdll.dll+0x4cc91]


---------------  P R O C E S S  ---------------

Threads class SMR info:
_java_thread_list=0x000001c7f7877220, length=27, elements={
0x000001c7f9b129c0, 0x000001c7f9bcc690, 0x000001c7f9bcd530, 0x000001c7f9bce730,
0x000001c7fd5023a0, 0x000001c7fd504e00, 0x000001c7fd505850, 0x000001c7fd506680,
0x000001c7fd57d250, 0x000001c7fe2b23b0, 0x000001c7fe3eca80, 0x000001c7fe6f08d0,
0x000001c7fe2776f0, 0x000001c7fe278d60, 0x000001c7fe5065b0, 0x000001c7fe9ab290,
0x000001c7fecefa80, 0x000001c7ffe8c4e0, 0x000001c7d8aff100, 0x000001c7d8b01ef0,
0x000001c7d8aff790, 0x000001c7d8b004b0, 0x000001c7d8affe20, 0x000001c7d8afea70,
0x000001c7d8b00b40, 0x000001c7d8b011d0, 0x000001c7d8b01860
}

Java Threads: ( => current thread )
  0x000001c7f9b129c0 JavaThread "main"                              [_thread_blocked, id=101916, stack(0x0000008184e00000,0x0000008184f00000) (1024K)]
  0x000001c7f9bcc690 JavaThread "Reference Handler"          daemon [_thread_blocked, id=99904, stack(0x0000008185200000,0x0000008185300000) (1024K)]
  0x000001c7f9bcd530 JavaThread "Finalizer"                  daemon [_thread_blocked, id=99872, stack(0x0000008185300000,0x0000008185400000) (1024K)]
  0x000001c7f9bce730 JavaThread "Signal Dispatcher"          daemon [_thread_blocked, id=105356, stack(0x0000008185400000,0x0000008185500000) (1024K)]
  0x000001c7fd5023a0 JavaThread "Attach Listener"            daemon [_thread_blocked, id=102312, stack(0x0000008185500000,0x0000008185600000) (1024K)]
  0x000001c7fd504e00 JavaThread "Service Thread"             daemon [_thread_blocked, id=105252, stack(0x0000008185600000,0x0000008185700000) (1024K)]
  0x000001c7fd505850 JavaThread "Monitor Deflation Thread"   daemon [_thread_blocked, id=103364, stack(0x0000008185700000,0x0000008185800000) (1024K)]
=>0x000001c7fd506680 JavaThread "C2 CompilerThread0"         daemon [_thread_in_native, id=104492, stack(0x0000008185800000,0x0000008185900000) (1024K)]
  0x000001c7fd57d250 JavaThread "C1 CompilerThread0"         daemon [_thread_blocked, id=50108, stack(0x0000008185900000,0x0000008185a00000) (1024K)]
  0x000001c7fe2b23b0 JavaThread "Common-Cleaner"             daemon [_thread_blocked, id=102836, stack(0x0000008185a00000,0x0000008185b00000) (1024K)]
  0x000001c7fe3eca80 JavaThread "Notification Thread"        daemon [_thread_blocked, id=26356, stack(0x0000008185b00000,0x0000008185c00000) (1024K)]
  0x000001c7fe6f08d0 JavaThread "Active Thread: Equinox Container: 11cc2f42-4f63-4d67-a804-28036e340530"        [_thread_blocked, id=22900, stack(0x0000008185f00000,0x0000008186000000) (1024K)]
  0x000001c7fe2776f0 JavaThread "Framework Event Dispatcher: Equinox Container: 11cc2f42-4f63-4d67-a804-28036e340530" daemon [_thread_blocked, id=99380, stack(0x0000008186000000,0x0000008186100000) (1024K)]
  0x000001c7fe278d60 JavaThread "Start Level: Equinox Container: 11cc2f42-4f63-4d67-a804-28036e340530" daemon [_thread_blocked, id=103312, stack(0x0000008186100000,0x0000008186200000) (1024K)]
  0x000001c7fe5065b0 JavaThread "SCR Component Actor"        daemon [_thread_blocked, id=50936, stack(0x0000008186200000,0x0000008186300000) (1024K)]
  0x000001c7fe9ab290 JavaThread "Worker-JM"                         [_thread_blocked, id=64868, stack(0x0000008186300000,0x0000008186400000) (1024K)]
  0x000001c7fecefa80 JavaThread "JNA Cleaner"                daemon [_thread_blocked, id=104176, stack(0x0000008186400000,0x0000008186500000) (1024K)]
  0x000001c7ffe8c4e0 JavaThread "Worker-1"                          [_thread_blocked, id=100592, stack(0x0000008186600000,0x0000008186700000) (1024K)]
  0x000001c7d8aff100 JavaThread "Thread-1"                   daemon [_thread_in_native, id=77992, stack(0x0000008186700000,0x0000008186800000) (1024K)]
  0x000001c7d8b01ef0 JavaThread "Thread-2"                   daemon [_thread_in_native, id=5596, stack(0x0000008186800000,0x0000008186900000) (1024K)]
  0x000001c7d8aff790 JavaThread "Thread-3"                   daemon [_thread_in_native, id=81108, stack(0x0000008186a00000,0x0000008186b00000) (1024K)]
  0x000001c7d8b004b0 JavaThread "Thread-4"                   daemon [_thread_in_native, id=33152, stack(0x0000008186b00000,0x0000008186c00000) (1024K)]
  0x000001c7d8affe20 JavaThread "Thread-5"                   daemon [_thread_in_native, id=100416, stack(0x0000008186c00000,0x0000008186d00000) (1024K)]
  0x000001c7d8afea70 JavaThread "pool-2-thread-1"                   [_thread_blocked, id=100028, stack(0x0000008186d00000,0x0000008186e00000) (1024K)]
  0x000001c7d8b00b40 JavaThread "Worker-2"                          [_thread_blocked, id=105364, stack(0x0000008186900000,0x0000008186a00000) (1024K)]
  0x000001c7d8b011d0 JavaThread "WorkspaceEventsHandler"            [_thread_blocked, id=74204, stack(0x0000008186e00000,0x0000008186f00000) (1024K)]
  0x000001c7d8b01860 JavaThread "pool-1-thread-1"                   [_thread_blocked, id=104192, stack(0x0000008186f00000,0x0000008187000000) (1024K)]
Total: 27

Other Threads:
  0x000001c7fd4ff680 VMThread "VM Thread"                           [id=105384, stack(0x0000008185100000,0x0000008185200000) (1024K)]
  0x000001c7f9b7b5c0 WatcherThread "VM Periodic Task Thread"        [id=101756, stack(0x0000008185000000,0x0000008185100000) (1024K)]
  0x000001c7f9b30600 WorkerThread "GC Thread#0"                     [id=103444, stack(0x0000008184f00000,0x0000008185000000) (1024K)]
  0x000001c7fe60db70 WorkerThread "GC Thread#1"                     [id=90824, stack(0x0000008185c00000,0x0000008185d00000) (1024K)]
  0x000001c7fe60df10 WorkerThread "GC Thread#2"                     [id=101656, stack(0x0000008185d00000,0x0000008185e00000) (1024K)]
  0x000001c7fe60e2b0 WorkerThread "GC Thread#3"                     [id=83172, stack(0x0000008185e00000,0x0000008185f00000) (1024K)]
Total: 6

Threads with active compile tasks:
C2 CompilerThread0  29329184 4181   !   4       java.util.concurrent.locks.AbstractQueuedSynchronizer$ConditionObject::newConditionNode (78 bytes)
Total: 1

VM state: not at safepoint (normal execution)

VM Mutex/Monitor currently owned by a thread: None

Heap address: 0x0000000080000000, size: 2048 MB, Compressed Oops mode: 32-bit

CDS archive(s) mapped at: [0x000001c793000000-0x000001c793ba0000-0x000001c793ba0000), size 12189696, SharedBaseAddress: 0x000001c793000000, ArchiveRelocationMode: 1.
Compressed class space mapped at: 0x000001c794000000-0x000001c7d4000000, reserved size: 1073741824
Narrow klass base: 0x000001c793000000, Narrow klass shift: 0, Narrow klass range: 0x100000000

GC Precious Log:
 CardTable entry size: 512
 CPUs: 4 total, 4 available
 Memory: 8113M
 Large Page Support: Disabled
 NUMA Support: Disabled
 Compressed Oops: Enabled (32-bit)
 Alignments: Space 512K, Generation 512K, Heap 2M
 Heap Min Capacity: 100M
 Heap Initial Capacity: 100M
 Heap Max Capacity: 2G
 Pre-touch: Disabled
 Parallel Workers: 4

Heap:
 PSYoungGen      total 23552K, used 3505K [0x00000000d5580000, 0x00000000d7580000, 0x0000000100000000)
  eden space 22016K, 10% used [0x00000000d5580000,0x00000000d57b44b8,0x00000000d6b00000)
  from space 1536K, 81% used [0x00000000d7400000,0x00000000d7538010,0x00000000d7580000)
  to   space 1536K, 0% used [0x00000000d7280000,0x00000000d7280000,0x00000000d7400000)
 ParOldGen       total 68608K, used 31456K [0x0000000080000000, 0x0000000084300000, 0x00000000d5580000)
  object space 68608K, 45% used [0x0000000080000000,0x0000000081eb8008,0x0000000084300000)
 Metaspace       used 30741K, committed 31488K, reserved 1114112K
  class space    used 3069K, committed 3392K, reserved 1048576K

Card table byte_map: [0x000001c7f94c0000,0x000001c7f98d0000] _byte_map_base: 0x000001c7f90c0000

Marking Bits: (ParMarkBitMap*) 0x00007ff8dff52460
 Begin Bits: [0x000001c78f000000, 0x000001c791000000)
 End Bits:   [0x000001c791000000, 0x000001c793000000)

Polling page: 0x000001c7f7840000

Metaspace:

Usage:
  Non-class:     27.02 MB used.
      Class:      3.00 MB used.
       Both:     30.02 MB used.

Virtual space:
  Non-class space:       64.00 MB reserved,      27.44 MB ( 43%) committed,  1 nodes.
      Class space:        1.00 GB reserved,       3.31 MB ( <1%) committed,  1 nodes.
             Both:        1.06 GB reserved,      30.75 MB (  3%) committed. 

Chunk freelists:
   Non-Class:  4.44 MB
       Class:  12.69 MB
        Both:  17.13 MB

MaxMetaspaceSize: unlimited
CompressedClassSpaceSize: 1.00 GB
Initial GC threshold: 21.00 MB
Current GC threshold: 35.00 MB
CDS: on
 - commit_granule_bytes: 65536.
 - commit_granule_words: 8192.
 - virtual_space_node_default_size: 8388608.
 - enlarge_chunks_in_place: 1.
 - use_allocation_guard: 0.


Internal statistics:

num_allocs_failed_limit: 3.
num_arena_births: 572.
num_arena_deaths: 14.
num_vsnodes_births: 2.
num_vsnodes_deaths: 0.
num_space_committed: 492.
num_space_uncommitted: 0.
num_chunks_returned_to_freelist: 17.
num_chunks_taken_from_freelist: 1776.
num_chunk_merges: 9.
num_chunk_splits: 1146.
num_chunks_enlarged: 729.
num_inconsistent_stats: 0.

CodeHeap 'non-profiled nmethods': size=120000Kb used=2176Kb max_used=2176Kb free=117823Kb
 bounds [0x000001c787ad0000, 0x000001c787d40000, 0x000001c78f000000]
CodeHeap 'profiled nmethods': size=120000Kb used=8263Kb max_used=8263Kb free=111736Kb
 bounds [0x000001c780000000, 0x000001c780820000, 0x000001c787530000]
CodeHeap 'non-nmethods': size=5760Kb used=1345Kb max_used=1385Kb free=4414Kb
 bounds [0x000001c787530000, 0x000001c7877a0000, 0x000001c787ad0000]
CodeCache: size=245760Kb, used=11784Kb, max_used=11824Kb, free=233973Kb
 total_blobs=4783, nmethods=4142, adapters=547, full_count=0
Compilation: enabled, stopped_count=0, restarted_count=0

Compilation events (20 events):
Event: 21905.045 Thread 0x000001c7fd506680 nmethod 4170 0x000001c787ced990 code [0x000001c787cedb40, 0x000001c787cedcb8]
Event: 22984.436 Thread 0x000001c7fd57d250 4171       3       jdk.internal.misc.InnocuousThread::eraseThreadLocals (23 bytes)
Event: 22984.720 Thread 0x000001c7fd57d250 nmethod 4171 0x000001c78080d690 code [0x000001c78080d820, 0x000001c78080d988]
Event: 23981.356 Thread 0x000001c7fd57d250 4172       3       org.eclipse.core.internal.jobs.InternalJob::internalGetState (9 bytes)
Event: 23981.440 Thread 0x000001c7fd57d250 nmethod 4172 0x000001c78080da10 code [0x000001c78080dba0, 0x000001c78080dcb0]
Event: 25782.079 Thread 0x000001c7fd57d250 4173   !   3       org.eclipse.core.internal.jobs.JobManager::changeState (511 bytes)
Event: 25783.352 Thread 0x000001c7fd57d250 nmethod 4173 0x000001c78080dd90 code [0x000001c78080e220, 0x000001c7808102a0]
Event: 26682.643 Thread 0x000001c7fd57d250 4175       3       java.lang.invoke.LambdaForm$MH/0x000001c79401e000::invoke (45 bytes)
Event: 26683.190 Thread 0x000001c7fd57d250 nmethod 4175 0x000001c780811410 code [0x000001c780811600, 0x000001c780811c18]
Event: 26972.632 Thread 0x000001c7fd506680 4176   !   4       java.util.concurrent.locks.AbstractQueuedSynchronizer::acquire (424 bytes)
Event: 26973.508 Thread 0x000001c7fd506680 nmethod 4176 0x000001c787cede10 code [0x000001c787cee080, 0x000001c787ceed98]
Event: 27630.032 Thread 0x000001c7fd506680 4177       4       java.util.concurrent.locks.AbstractQueuedSynchronizer$Node::getAndUnsetStatus (14 bytes)
Event: 27630.075 Thread 0x000001c7fd506680 nmethod 4177 0x000001c787cef710 code [0x000001c787cef8a0, 0x000001c787cef970]
Event: 28300.498 Thread 0x000001c7fd506680 4178       4       java.util.concurrent.locks.AbstractQueuedSynchronizer$Node::clearStatus (12 bytes)
Event: 28300.499 Thread 0x000001c7fd506680 nmethod 4178 0x000001c787cefa10 code [0x000001c787cefba0, 0x000001c787cefc30]
Event: 28380.246 Thread 0x000001c7fd506680 4179   !   4       java.util.concurrent.locks.AbstractQueuedSynchronizer::tryInitializeHead (66 bytes)
Event: 28380.249 Thread 0x000001c7fd506680 nmethod 4179 0x000001c787cefd10 code [0x000001c787cefea0, 0x000001c787ceff50]
Event: 28383.197 Thread 0x000001c7fd506680 4180       4       java.lang.ref.ReferenceQueue::poll0 (65 bytes)
Event: 28383.344 Thread 0x000001c7fd506680 nmethod 4180 0x000001c787cf0010 code [0x000001c787cf01a0, 0x000001c787cf02c8]
Event: 29321.584 Thread 0x000001c7fd506680 4181   !   4       java.util.concurrent.locks.AbstractQueuedSynchronizer$ConditionObject::newConditionNode (78 bytes)

GC Heap History (20 events):
Event: 39.908 GC heap before
{Heap before GC invocations=8 (full 1):
 PSYoungGen      total 27136K, used 2530K [0x00000000d5580000, 0x00000000d7a80000, 0x0000000100000000)
  eden space 24576K, 0% used [0x00000000d5580000,0x00000000d5580000,0x00000000d6d80000)
  from space 2560K, 98% used [0x00000000d7100000,0x00000000d73788a0,0x00000000d7380000)
  to   space 4096K, 0% used [0x00000000d7680000,0x00000000d7680000,0x00000000d7a80000)
 ParOldGen       total 68608K, used 23218K [0x0000000080000000, 0x0000000084300000, 0x00000000d5580000)
  object space 68608K, 33% used [0x0000000080000000,0x00000000816ac900,0x0000000084300000)
 Metaspace       used 20919K, committed 21504K, reserved 1114112K
  class space    used 2053K, committed 2304K, reserved 1048576K
}
Event: 40.110 GC heap after
{Heap after GC invocations=8 (full 1):
 PSYoungGen      total 27136K, used 0K [0x00000000d5580000, 0x00000000d7a80000, 0x0000000100000000)
  eden space 24576K, 0% used [0x00000000d5580000,0x00000000d5580000,0x00000000d6d80000)
  from space 2560K, 0% used [0x00000000d7100000,0x00000000d7100000,0x00000000d7380000)
  to   space 4096K, 0% used [0x00000000d7680000,0x00000000d7680000,0x00000000d7a80000)
 ParOldGen       total 68608K, used 23617K [0x0000000080000000, 0x0000000084300000, 0x00000000d5580000)
  object space 68608K, 34% used [0x0000000080000000,0x00000000817104b8,0x0000000084300000)
 Metaspace       used 20907K, committed 21504K, reserved 1114112K
  class space    used 2049K, committed 2304K, reserved 1048576K
}
Event: 52.141 GC heap before
{Heap before GC invocations=9 (full 1):
 PSYoungGen      total 27136K, used 24576K [0x00000000d5580000, 0x00000000d7a80000, 0x0000000100000000)
  eden space 24576K, 100% used [0x00000000d5580000,0x00000000d6d80000,0x00000000d6d80000)
  from space 2560K, 0% used [0x00000000d7100000,0x00000000d7100000,0x00000000d7380000)
  to   space 4096K, 0% used [0x00000000d7680000,0x00000000d7680000,0x00000000d7a80000)
 ParOldGen       total 68608K, used 23617K [0x0000000080000000, 0x0000000084300000, 0x00000000d5580000)
  object space 68608K, 34% used [0x0000000080000000,0x0000000081710550,0x0000000084300000)
 Metaspace       used 22934K, committed 23680K, reserved 1114112K
  class space    used 2221K, committed 2496K, reserved 1048576K
}
Event: 52.145 GC heap after
{Heap after GC invocations=9 (full 1):
 PSYoungGen      total 27136K, used 2310K [0x00000000d5580000, 0x00000000d7900000, 0x0000000100000000)
  eden space 24576K, 0% used [0x00000000d5580000,0x00000000d5580000,0x00000000d6d80000)
  from space 2560K, 90% used [0x00000000d7680000,0x00000000d78c1a18,0x00000000d7900000)
  to   space 3072K, 0% used [0x00000000d7300000,0x00000000d7300000,0x00000000d7600000)
 ParOldGen       total 68608K, used 23625K [0x0000000080000000, 0x0000000084300000, 0x00000000d5580000)
  object space 68608K, 34% used [0x0000000080000000,0x0000000081712550,0x0000000084300000)
 Metaspace       used 22934K, committed 23680K, reserved 1114112K
  class space    used 2221K, committed 2496K, reserved 1048576K
}
Event: 54.747 GC heap before
{Heap before GC invocations=10 (full 1):
 PSYoungGen      total 27136K, used 26886K [0x00000000d5580000, 0x00000000d7900000, 0x0000000100000000)
  eden space 24576K, 100% used [0x00000000d5580000,0x00000000d6d80000,0x00000000d6d80000)
  from space 2560K, 90% used [0x00000000d7680000,0x00000000d78c1a18,0x00000000d7900000)
  to   space 3072K, 0% used [0x00000000d7300000,0x00000000d7300000,0x00000000d7600000)
 ParOldGen       total 68608K, used 23627K [0x0000000080000000, 0x0000000084300000, 0x00000000d5580000)
  object space 68608K, 34% used [0x0000000080000000,0x0000000081712d70,0x0000000084300000)
 Metaspace       used 25848K, committed 26688K, reserved 1114112K
  class space    used 2536K, committed 2880K, reserved 1048576K
}
Event: 54.754 GC heap after
{Heap after GC invocations=10 (full 1):
 PSYoungGen      total 27136K, used 3056K [0x00000000d5580000, 0x00000000d7700000, 0x0000000100000000)
  eden space 24064K, 0% used [0x00000000d5580000,0x00000000d5580000,0x00000000d6d00000)
  from space 3072K, 99% used [0x00000000d7300000,0x00000000d75fc138,0x00000000d7600000)
  to   space 1024K, 0% used [0x00000000d7600000,0x00000000d7600000,0x00000000d7700000)
 ParOldGen       total 68608K, used 24539K [0x0000000080000000, 0x0000000084300000, 0x00000000d5580000)
  object space 68608K, 35% used [0x0000000080000000,0x00000000817f6dc0,0x0000000084300000)
 Metaspace       used 25848K, committed 26688K, reserved 1114112K
  class space    used 2536K, committed 2880K, reserved 1048576K
}
Event: 55.332 GC heap before
{Heap before GC invocations=11 (full 1):
 PSYoungGen      total 27136K, used 27120K [0x00000000d5580000, 0x00000000d7700000, 0x0000000100000000)
  eden space 24064K, 100% used [0x00000000d5580000,0x00000000d6d00000,0x00000000d6d00000)
  from space 3072K, 99% used [0x00000000d7300000,0x00000000d75fc138,0x00000000d7600000)
  to   space 1024K, 0% used [0x00000000d7600000,0x00000000d7600000,0x00000000d7700000)
 ParOldGen       total 68608K, used 24539K [0x0000000080000000, 0x0000000084300000, 0x00000000d5580000)
  object space 68608K, 35% used [0x0000000080000000,0x00000000817f6dc0,0x0000000084300000)
 Metaspace       used 25939K, committed 26752K, reserved 1114112K
  class space    used 2547K, committed 2880K, reserved 1048576K
}
Event: 55.362 GC heap after
{Heap after GC invocations=11 (full 1):
 PSYoungGen      total 24576K, used 992K [0x00000000d5580000, 0x00000000d7700000, 0x0000000100000000)
  eden space 23552K, 0% used [0x00000000d5580000,0x00000000d5580000,0x00000000d6c80000)
  from space 1024K, 96% used [0x00000000d7600000,0x00000000d76f8328,0x00000000d7700000)
  to   space 3584K, 0% used [0x00000000d7000000,0x00000000d7000000,0x00000000d7380000)
 ParOldGen       total 68608K, used 26624K [0x0000000080000000, 0x0000000084300000, 0x00000000d5580000)
  object space 68608K, 38% used [0x0000000080000000,0x0000000081a00000,0x0000000084300000)
 Metaspace       used 25939K, committed 26752K, reserved 1114112K
  class space    used 2547K, committed 2880K, reserved 1048576K
}
Event: 55.805 GC heap before
{Heap before GC invocations=12 (full 1):
 PSYoungGen      total 24576K, used 24544K [0x00000000d5580000, 0x00000000d7700000, 0x0000000100000000)
  eden space 23552K, 100% used [0x00000000d5580000,0x00000000d6c80000,0x00000000d6c80000)
  from space 1024K, 96% used [0x00000000d7600000,0x00000000d76f8328,0x00000000d7700000)
  to   space 3584K, 0% used [0x00000000d7000000,0x00000000d7000000,0x00000000d7380000)
 ParOldGen       total 68608K, used 26624K [0x0000000080000000, 0x0000000084300000, 0x00000000d5580000)
  object space 68608K, 38% used [0x0000000080000000,0x0000000081a00000,0x0000000084300000)
 Metaspace       used 25990K, committed 26816K, reserved 1114112K
  class space    used 2556K, committed 2880K, reserved 1048576K
}
Event: 55.807 GC heap after
{Heap after GC invocations=12 (full 1):
 PSYoungGen      total 26624K, used 128K [0x00000000d5580000, 0x00000000d7680000, 0x0000000100000000)
  eden space 23040K, 0% used [0x00000000d5580000,0x00000000d5580000,0x00000000d6c00000)
  from space 3584K, 3% used [0x00000000d7000000,0x00000000d7020000,0x00000000d7380000)
  to   space 1536K, 0% used [0x00000000d7500000,0x00000000d7500000,0x00000000d7680000)
 ParOldGen       total 68608K, used 27621K [0x0000000080000000, 0x0000000084300000, 0x00000000d5580000)
  object space 68608K, 40% used [0x0000000080000000,0x0000000081af9758,0x0000000084300000)
 Metaspace       used 25990K, committed 26816K, reserved 1114112K
  class space    used 2556K, committed 2880K, reserved 1048576K
}
Event: 59.195 GC heap before
{Heap before GC invocations=13 (full 1):
 PSYoungGen      total 26624K, used 23168K [0x00000000d5580000, 0x00000000d7680000, 0x0000000100000000)
  eden space 23040K, 100% used [0x00000000d5580000,0x00000000d6c00000,0x00000000d6c00000)
  from space 3584K, 3% used [0x00000000d7000000,0x00000000d7020000,0x00000000d7380000)
  to   space 1536K, 0% used [0x00000000d7500000,0x00000000d7500000,0x00000000d7680000)
 ParOldGen       total 68608K, used 27621K [0x0000000080000000, 0x0000000084300000, 0x00000000d5580000)
  object space 68608K, 40% used [0x0000000080000000,0x0000000081af9758,0x0000000084300000)
 Metaspace       used 26603K, committed 27456K, reserved 1114112K
  class space    used 2629K, committed 3008K, reserved 1048576K
}
Event: 59.198 GC heap after
{Heap after GC invocations=13 (full 1):
 PSYoungGen      total 23040K, used 352K [0x00000000d5580000, 0x00000000d7580000, 0x0000000100000000)
  eden space 22528K, 0% used [0x00000000d5580000,0x00000000d5580000,0x00000000d6b80000)
  from space 512K, 68% used [0x00000000d7500000,0x00000000d7558000,0x00000000d7580000)
  to   space 512K, 0% used [0x00000000d7480000,0x00000000d7480000,0x00000000d7500000)
 ParOldGen       total 68608K, used 27653K [0x0000000080000000, 0x0000000084300000, 0x00000000d5580000)
  object space 68608K, 40% used [0x0000000080000000,0x0000000081b01758,0x0000000084300000)
 Metaspace       used 26603K, committed 27456K, reserved 1114112K
  class space    used 2629K, committed 3008K, reserved 1048576K
}
Event: 63.726 GC heap before
{Heap before GC invocations=14 (full 1):
 PSYoungGen      total 23040K, used 22880K [0x00000000d5580000, 0x00000000d7580000, 0x0000000100000000)
  eden space 22528K, 100% used [0x00000000d5580000,0x00000000d6b80000,0x00000000d6b80000)
  from space 512K, 68% used [0x00000000d7500000,0x00000000d7558000,0x00000000d7580000)
  to   space 512K, 0% used [0x00000000d7480000,0x00000000d7480000,0x00000000d7500000)
 ParOldGen       total 68608K, used 27653K [0x0000000080000000, 0x0000000084300000, 0x00000000d5580000)
  object space 68608K, 40% used [0x0000000080000000,0x0000000081b01758,0x0000000084300000)
 Metaspace       used 29453K, committed 30336K, reserved 1114112K
  class space    used 2943K, committed 3328K, reserved 1048576K
}
Event: 63.734 GC heap after
{Heap after GC invocations=14 (full 1):
 PSYoungGen      total 22528K, used 512K [0x00000000d5580000, 0x00000000d7580000, 0x0000000100000000)
  eden space 22016K, 0% used [0x00000000d5580000,0x00000000d5580000,0x00000000d6b00000)
  from space 512K, 100% used [0x00000000d7480000,0x00000000d7500000,0x00000000d7500000)
  to   space 512K, 0% used [0x00000000d7500000,0x00000000d7500000,0x00000000d7580000)
 ParOldGen       total 68608K, used 28353K [0x0000000080000000, 0x0000000084300000, 0x00000000d5580000)
  object space 68608K, 41% used [0x0000000080000000,0x0000000081bb05c8,0x0000000084300000)
 Metaspace       used 29453K, committed 30336K, reserved 1114112K
  class space    used 2943K, committed 3328K, reserved 1048576K
}
Event: 4834.302 GC heap before
{Heap before GC invocations=15 (full 1):
 PSYoungGen      total 22528K, used 22527K [0x00000000d5580000, 0x00000000d7580000, 0x0000000100000000)
  eden space 22016K, 99% used [0x00000000d5580000,0x00000000d6affff0,0x00000000d6b00000)
  from space 512K, 100% used [0x00000000d7480000,0x00000000d7500000,0x00000000d7500000)
  to   space 512K, 0% used [0x00000000d7500000,0x00000000d7500000,0x00000000d7580000)
 ParOldGen       total 68608K, used 28353K [0x0000000080000000, 0x0000000084300000, 0x00000000d5580000)
  object space 68608K, 41% used [0x0000000080000000,0x0000000081bb05c8,0x0000000084300000)
 Metaspace       used 30670K, committed 31488K, reserved 1114112K
  class space    used 3069K, committed 3392K, reserved 1048576K
}
Event: 4835.005 GC heap after
{Heap after GC invocations=15 (full 1):
 PSYoungGen      total 22528K, used 512K [0x00000000d5580000, 0x00000000d7580000, 0x0000000100000000)
  eden space 22016K, 0% used [0x00000000d5580000,0x00000000d5580000,0x00000000d6b00000)
  from space 512K, 100% used [0x00000000d7500000,0x00000000d7580000,0x00000000d7580000)
  to   space 2560K, 0% used [0x00000000d7080000,0x00000000d7080000,0x00000000d7300000)
 ParOldGen       total 68608K, used 29956K [0x0000000080000000, 0x0000000084300000, 0x00000000d5580000)
  object space 68608K, 43% used [0x0000000080000000,0x0000000081d41038,0x0000000084300000)
 Metaspace       used 30670K, committed 31488K, reserved 1114112K
  class space    used 3069K, committed 3392K, reserved 1048576K
}
Event: 16773.432 GC heap before
{Heap before GC invocations=16 (full 1):
 PSYoungGen      total 22528K, used 22525K [0x00000000d5580000, 0x00000000d7580000, 0x0000000100000000)
  eden space 22016K, 99% used [0x00000000d5580000,0x00000000d6aff630,0x00000000d6b00000)
  from space 512K, 100% used [0x00000000d7500000,0x00000000d7580000,0x00000000d7580000)
  to   space 2560K, 0% used [0x00000000d7080000,0x00000000d7080000,0x00000000d7300000)
 ParOldGen       total 68608K, used 29956K [0x0000000080000000, 0x0000000084300000, 0x00000000d5580000)
  object space 68608K, 43% used [0x0000000080000000,0x0000000081d41038,0x0000000084300000)
 Metaspace       used 30733K, committed 31488K, reserved 1114112K
  class space    used 3069K, committed 3392K, reserved 1048576K
}
Event: 16779.324 GC heap after
{Heap after GC invocations=16 (full 1):
 PSYoungGen      total 24576K, used 1136K [0x00000000d5580000, 0x00000000d7580000, 0x0000000100000000)
  eden space 22016K, 0% used [0x00000000d5580000,0x00000000d5580000,0x00000000d6b00000)
  from space 2560K, 44% used [0x00000000d7080000,0x00000000d719c020,0x00000000d7300000)
  to   space 1536K, 0% used [0x00000000d7400000,0x00000000d7400000,0x00000000d7580000)
 ParOldGen       total 68608K, used 30479K [0x0000000080000000, 0x0000000084300000, 0x00000000d5580000)
  object space 68608K, 44% used [0x0000000080000000,0x0000000081dc3ff8,0x0000000084300000)
 Metaspace       used 30733K, committed 31488K, reserved 1114112K
  class space    used 3069K, committed 3392K, reserved 1048576K
}
Event: 27583.799 GC heap before
{Heap before GC invocations=17 (full 1):
 PSYoungGen      total 24576K, used 23152K [0x00000000d5580000, 0x00000000d7580000, 0x0000000100000000)
  eden space 22016K, 100% used [0x00000000d5580000,0x00000000d6b00000,0x00000000d6b00000)
  from space 2560K, 44% used [0x00000000d7080000,0x00000000d719c020,0x00000000d7300000)
  to   space 1536K, 0% used [0x00000000d7400000,0x00000000d7400000,0x00000000d7580000)
 ParOldGen       total 68608K, used 30479K [0x0000000080000000, 0x0000000084300000, 0x00000000d5580000)
  object space 68608K, 44% used [0x0000000080000000,0x0000000081dc3ff8,0x0000000084300000)
 Metaspace       used 30741K, committed 31488K, reserved 1114112K
  class space    used 3069K, committed 3392K, reserved 1048576K
}
Event: 27586.537 GC heap after
{Heap after GC invocations=17 (full 1):
 PSYoungGen      total 23552K, used 1248K [0x00000000d5580000, 0x00000000d7580000, 0x0000000100000000)
  eden space 22016K, 0% used [0x00000000d5580000,0x00000000d5580000,0x00000000d6b00000)
  from space 1536K, 81% used [0x00000000d7400000,0x00000000d7538010,0x00000000d7580000)
  to   space 1536K, 0% used [0x00000000d7280000,0x00000000d7280000,0x00000000d7400000)
 ParOldGen       total 68608K, used 31456K [0x0000000080000000, 0x0000000084300000, 0x00000000d5580000)
  object space 68608K, 45% used [0x0000000080000000,0x0000000081eb8008,0x0000000084300000)
 Metaspace       used 30741K, committed 31488K, reserved 1114112K
  class space    used 3069K, committed 3392K, reserved 1048576K
}

Dll operation events (10 events):
Event: 0.159 Loaded shared library c:\Users\NWAJI\.antigravity\extensions\redhat.java-1.51.0-win32-x64\jre\21.0.9-win32-x86_64\bin\java.dll
Event: 0.999 Loaded shared library c:\Users\NWAJI\.antigravity\extensions\redhat.java-1.51.0-win32-x64\jre\21.0.9-win32-x86_64\bin\zip.dll
Event: 1.542 Loaded shared library C:\Users\NWAJI\.antigravity\extensions\redhat.java-1.51.0-win32-x64\jre\21.0.9-win32-x86_64\bin\instrument.dll
Event: 1.646 Loaded shared library C:\Users\NWAJI\.antigravity\extensions\redhat.java-1.51.0-win32-x64\jre\21.0.9-win32-x86_64\bin\net.dll
Event: 1.650 Loaded shared library C:\Users\NWAJI\.antigravity\extensions\redhat.java-1.51.0-win32-x64\jre\21.0.9-win32-x86_64\bin\nio.dll
Event: 1.670 Loaded shared library C:\Users\NWAJI\.antigravity\extensions\redhat.java-1.51.0-win32-x64\jre\21.0.9-win32-x86_64\bin\zip.dll
Event: 1.969 Loaded shared library C:\Users\NWAJI\.antigravity\extensions\redhat.java-1.51.0-win32-x64\jre\21.0.9-win32-x86_64\bin\jimage.dll
Event: 2.748 Loaded shared library c:\Users\NWAJI\.antigravity\extensions\redhat.java-1.51.0-win32-x64\jre\21.0.9-win32-x86_64\bin\verify.dll
Event: 23.531 Loaded shared library C:\Users\NWAJI\AppData\Roaming\Antigravity\User\globalStorage\redhat.java\1.51.0\config_ss_win\org.eclipse.equinox.launcher\org.eclipse.equinox.launcher.win32.win32.x86_64_1.2.1400.v20250801-0854\eclipse_11916.dll
Event: 33.027 Loaded shared library C:\Users\NWAJI\AppData\Local\Temp\jna--1822936399\jna12480825812153595291.dll

Deoptimization events (20 events):
Event: 333.748 Thread 0x000001c7ffe8c4e0 Uncommon trap: trap_request=0xffffff45 fr.pc=0x000001c787cd6690 relative=0x00000000000007b0
Event: 333.748 Thread 0x000001c7ffe8c4e0 Uncommon trap: reason=unstable_if action=reinterpret pc=0x000001c787cd6690 method=java.util.HashMap.putVal(ILjava/lang/Object;Ljava/lang/Object;ZZ)Ljava/lang/Object; @ 94 c2
Event: 333.748 Thread 0x000001c7ffe8c4e0 DEOPT PACKING pc=0x000001c787cd6690 sp=0x00000081866fe8e0
Event: 333.748 Thread 0x000001c7ffe8c4e0 DEOPT UNPACKING pc=0x000001c787583aa2 sp=0x00000081866fe7e8 mode 2
Event: 333.767 Thread 0x000001c7ffe8c4e0 Uncommon trap: trap_request=0xffffff45 fr.pc=0x000001c787cd8f54 relative=0x0000000000000194
Event: 333.767 Thread 0x000001c7ffe8c4e0 Uncommon trap: reason=unstable_if action=reinterpret pc=0x000001c787cd8f54 method=org.eclipse.core.internal.utils.StringPool.add(Ljava/lang/String;)Ljava/lang/String; @ 25 c2
Event: 333.767 Thread 0x000001c7ffe8c4e0 DEOPT PACKING pc=0x000001c787cd8f54 sp=0x00000081866fe660
Event: 333.767 Thread 0x000001c7ffe8c4e0 DEOPT UNPACKING pc=0x000001c787583aa2 sp=0x00000081866fe610 mode 2
Event: 1233.773 Thread 0x000001c7ffe8c4e0 Uncommon trap: trap_request=0xffffff45 fr.pc=0x000001c787cda124 relative=0x0000000000000924
Event: 1233.773 Thread 0x000001c7ffe8c4e0 Uncommon trap: reason=unstable_if action=reinterpret pc=0x000001c787cda124 method=org.eclipse.core.internal.utils.StringPool.add(Ljava/lang/String;)Ljava/lang/String; @ 1 c2
Event: 1233.773 Thread 0x000001c7ffe8c4e0 DEOPT PACKING pc=0x000001c787cda124 sp=0x00000081866fef50
Event: 1233.773 Thread 0x000001c7ffe8c4e0 DEOPT UNPACKING pc=0x000001c787583aa2 sp=0x00000081866fee68 mode 2
Event: 1233.773 Thread 0x000001c7ffe8c4e0 Uncommon trap: trap_request=0xffffff45 fr.pc=0x000001c787cdadcc relative=0x00000000000000ac
Event: 1233.773 Thread 0x000001c7ffe8c4e0 Uncommon trap: reason=unstable_if action=reinterpret pc=0x000001c787cdadcc method=org.eclipse.core.internal.resources.ResourceInfo.shareStrings(Lorg/eclipse/core/internal/utils/StringPool;)V @ 20 c2
Event: 1233.773 Thread 0x000001c7ffe8c4e0 DEOPT PACKING pc=0x000001c787cdadcc sp=0x00000081866fee60
Event: 1233.773 Thread 0x000001c7ffe8c4e0 DEOPT UNPACKING pc=0x000001c787583aa2 sp=0x00000081866fedf0 mode 2
Event: 1233.773 Thread 0x000001c7ffe8c4e0 Uncommon trap: trap_request=0xffffff45 fr.pc=0x000001c787cdd980 relative=0x0000000000001e60
Event: 1233.773 Thread 0x000001c7ffe8c4e0 Uncommon trap: reason=unstable_if action=reinterpret pc=0x000001c787cdd980 method=org.eclipse.core.internal.utils.StringPool.add(Ljava/lang/String;)Ljava/lang/String; @ 1 c2
Event: 1233.774 Thread 0x000001c7ffe8c4e0 DEOPT PACKING pc=0x000001c787cdd980 sp=0x00000081866feec0
Event: 1233.774 Thread 0x000001c7ffe8c4e0 DEOPT UNPACKING pc=0x000001c787583aa2 sp=0x00000081866fee68 mode 2

Classes loaded (20 events):
Event: 64.428 Loading class sun/util/resources/cldr/TimeZoneNames_en_US
Event: 64.428 Loading class sun/util/resources/cldr/TimeZoneNames_en_US done
Event: 64.431 Loading class sun/util/cldr/CLDRBaseLocaleDataMetaInfo$TZCanonicalIDMapHolder
Event: 64.433 Loading class sun/util/cldr/CLDRBaseLocaleDataMetaInfo$TZCanonicalIDMapHolder done
Event: 64.439 Loading class sun/util/resources/TimeZoneNames
Event: 64.441 Loading class sun/util/resources/TimeZoneNames done
Event: 64.442 Loading class sun/util/resources/TimeZoneNames_en
Event: 64.442 Loading class sun/util/resources/TimeZoneNames_en done
Event: 64.780 Loading class sun/nio/ch/ChannelOutputStream
Event: 64.781 Loading class sun/nio/ch/ChannelOutputStream done
Event: 64.781 Loading class sun/nio/fs/WindowsFileCopy
Event: 64.782 Loading class sun/nio/fs/WindowsFileCopy done
Event: 64.941 Loading class java/util/concurrent/CompletableFuture$AltResult
Event: 64.942 Loading class java/util/concurrent/CompletableFuture$AltResult done
Event: 64.942 Loading class java/util/concurrent/CompletableFuture$Completion
Event: 64.942 Loading class java/util/concurrent/CompletableFuture$AsynchronousCompletionTask
Event: 64.942 Loading class java/util/concurrent/CompletableFuture$AsynchronousCompletionTask done
Event: 64.943 Loading class java/util/concurrent/CompletableFuture$Completion done
Event: 65.224 Loading class sun/nio/ch/WindowsAsynchronousFileChannelImpl$WriteTask
Event: 65.224 Loading class sun/nio/ch/WindowsAsynchronousFileChannelImpl$WriteTask done

Classes unloaded (7 events):
Event: 39.984 Thread 0x000001c7fd4ff680 Unloading class 0x000001c79418cc00 'java/lang/invoke/LambdaForm$MH+0x000001c79418cc00'
Event: 39.984 Thread 0x000001c7fd4ff680 Unloading class 0x000001c79418c800 'java/lang/invoke/LambdaForm$MH+0x000001c79418c800'
Event: 39.984 Thread 0x000001c7fd4ff680 Unloading class 0x000001c79418c400 'java/lang/invoke/LambdaForm$MH+0x000001c79418c400'
Event: 39.984 Thread 0x000001c7fd4ff680 Unloading class 0x000001c79418c000 'java/lang/invoke/LambdaForm$MH+0x000001c79418c000'
Event: 39.984 Thread 0x000001c7fd4ff680 Unloading class 0x000001c79418bc00 'java/lang/invoke/LambdaForm$BMH+0x000001c79418bc00'
Event: 39.984 Thread 0x000001c7fd4ff680 Unloading class 0x000001c79418b800 'java/lang/invoke/LambdaForm$DMH+0x000001c79418b800'
Event: 39.984 Thread 0x000001c7fd4ff680 Unloading class 0x000001c79418a400 'java/lang/invoke/LambdaForm$DMH+0x000001c79418a400'

Classes redefined (0 events):
No events

Internal exceptions (20 events):
Event: 56.145 Thread 0x000001c7ff34dce0 Exception <a 'sun/nio/fs/WindowsException'{0x00000000d6951c90}> (0x00000000d6951c90) 
thrown [s\src\hotspot\share\prims\jni.cpp, line 520]
Event: 56.146 Thread 0x000001c7ff34dce0 Exception <a 'sun/nio/fs/WindowsException'{0x00000000d69523d0}> (0x00000000d69523d0) 
thrown [s\src\hotspot\share\prims\jni.cpp, line 520]
Event: 56.174 Thread 0x000001c7ff34dce0 Exception <a 'sun/nio/fs/WindowsException'{0x00000000d6968e20}> (0x00000000d6968e20) 
thrown [s\src\hotspot\share\prims\jni.cpp, line 520]
Event: 56.175 Thread 0x000001c7ff34dce0 Exception <a 'sun/nio/fs/WindowsException'{0x00000000d6969560}> (0x00000000d6969560) 
thrown [s\src\hotspot\share\prims\jni.cpp, line 520]
Event: 56.584 Thread 0x000001c7ff34dce0 Exception <a 'java/lang/NoSuchMethodError'{0x00000000d69e27c0}: 'void java.lang.invoke.DirectMethodHandle$Holder.invokeVirtual(java.lang.Object, java.lang.Object, java.lang.Object, java.lang.Object)'> (0x00000000d69e27c0) 
thrown [s\src\hotspot\share\interpreter\linkResolver.cpp, line 773]
Event: 59.882 Thread 0x000001c7ff34dce0 Exception <a 'java/io/FileNotFoundException'{0x00000000d5a10870}> (0x00000000d5a10870) 
thrown [s\src\hotspot\share\prims\jni.cpp, line 520]
Event: 59.883 Thread 0x000001c7ff34dce0 Exception <a 'java/io/FileNotFoundException'{0x00000000d5a11b20}> (0x00000000d5a11b20) 
thrown [s\src\hotspot\share\prims\jni.cpp, line 520]
Event: 59.887 Thread 0x000001c7ff34dce0 Exception <a 'java/lang/NoSuchMethodError'{0x00000000d5a1f600}: 'java.lang.Object java.lang.invoke.DirectMethodHandle$Holder.newInvokeSpecial(java.lang.Object, java.lang.Object, java.lang.Object, int)'> (0x00000000d5a1f600) 
thrown [s\src\hotspot\share\interpreter\linkResolver.cpp, line 773]
Event: 59.888 Thread 0x000001c7ff34dce0 Exception <a 'java/lang/NoSuchMethodError'{0x00000000d5a231d8}: 'java.lang.Object java.lang.invoke.DirectMethodHandle$Holder.invokeSpecial(java.lang.Object, java.lang.Object, java.lang.Object, java.lang.Object, int)'> (0x00000000d5a231d8) 
thrown [s\src\hotspot\share\interpreter\linkResolver.cpp, line 773]
Event: 59.889 Thread 0x000001c7ff34dce0 Exception <a 'java/lang/NoSuchMethodError'{0x00000000d5a26670}: 'java.lang.Object java.lang.invoke.Invokers$Holder.linkToTargetMethod(java.lang.Object, java.lang.Object, int, java.lang.Object)'> (0x00000000d5a26670) 
thrown [s\src\hotspot\share\interpreter\linkResolver.cpp, line 773]
Event: 59.891 Thread 0x000001c7ff34dce0 Exception <a 'java/lang/NoSuchMethodError'{0x00000000d5a31c38}: 'void java.lang.invoke.DirectMethodHandle$Holder.invokeStaticInit(java.lang.Object, java.lang.Object, java.lang.Object)'> (0x00000000d5a31c38) 
thrown [s\src\hotspot\share\interpreter\linkResolver.cpp, line 773]
Event: 61.638 Thread 0x000001c7f9b129c0 Exception <a 'java/lang/NoSuchMethodError'{0x00000000d60c1db0}: 'void java.lang.invoke.DirectMethodHandle$Holder.invokeSpecial(java.lang.Object, java.lang.Object, java.lang.Object, java.lang.Object, java.lang.Object, java.lang.Object)'> (0x00000000d60c1db0) 
thrown [s\src\hotspot\share\interpreter\linkResolver.cpp, line 773]
Event: 61.641 Thread 0x000001c7f9b129c0 Exception <a 'java/lang/IncompatibleClassChangeError'{0x00000000d60ca168}: Found class java.lang.Object, but interface was expected> (0x00000000d60ca168) 
thrown [s\src\hotspot\share\interpreter\linkResolver.cpp, line 840]
Event: 61.642 Thread 0x000001c7f9b129c0 Exception <a 'java/lang/IncompatibleClassChangeError'{0x00000000d60cc068}: Found class java.lang.Object, but interface was expected> (0x00000000d60cc068) 
thrown [s\src\hotspot\share\interpreter\linkResolver.cpp, line 840]
Event: 63.797 Thread 0x000001c7d8b01860 Exception <a 'java/lang/NoSuchMethodError'{0x00000000d55bfe78}: 'java.lang.Object java.lang.invoke.DirectMethodHandle$Holder.invokeInterface(java.lang.Object, java.lang.Object, java.lang.Object)'> (0x00000000d55bfe78) 
thrown [s\src\hotspot\share\interpreter\linkResolver.cpp, line 773]
Event: 63.879 Thread 0x000001c7d8b01860 Exception <a 'java/io/FileNotFoundException'{0x00000000d565a9e0}> (0x00000000d565a9e0) 
thrown [s\src\hotspot\share\prims\jni.cpp, line 520]
Event: 64.357 Thread 0x000001c7d8b01860 Exception <a 'sun/nio/fs/WindowsException'{0x00000000d5c38410}> (0x00000000d5c38410) 
thrown [s\src\hotspot\share\prims\jni.cpp, line 520]
Event: 65.544 Thread 0x000001c7d8b01860 Exception <a 'java/lang/IncompatibleClassChangeError'{0x00000000d60145d0}: Found class java.lang.Object, but interface was expected> (0x00000000d60145d0) 
thrown [s\src\hotspot\share\interpreter\linkResolver.cpp, line 840]
Event: 1233.773 Thread 0x000001c7ffe8c4e0 Implicit null exception at 0x000001c787cd984c to 0x000001c787cda104
Event: 1233.773 Thread 0x000001c7ffe8c4e0 Implicit null exception at 0x000001c787cdbb6e to 0x000001c787cdd968

ZGC Phase Switch (0 events):
No events

VM Operations (20 events):
Event: 28987.477 Executing VM operation: HandshakeAllThreads (HandshakeForDeflation)
Event: 28987.477 Executing VM operation: HandshakeAllThreads (HandshakeForDeflation) done
Event: 28987.477 Executing VM operation: RendezvousGCThreads
Event: 28987.477 Executing VM operation: RendezvousGCThreads done
Event: 29047.603 Executing VM operation: HandshakeAllThreads (HandshakeForDeflation)
Event: 29047.603 Executing VM operation: HandshakeAllThreads (HandshakeForDeflation) done
Event: 29047.603 Executing VM operation: RendezvousGCThreads
Event: 29047.603 Executing VM operation: RendezvousGCThreads done
Event: 29107.745 Executing VM operation: HandshakeAllThreads (HandshakeForDeflation)
Event: 29107.745 Executing VM operation: HandshakeAllThreads (HandshakeForDeflation) done
Event: 29107.745 Executing VM operation: RendezvousGCThreads
Event: 29107.745 Executing VM operation: RendezvousGCThreads done
Event: 29228.004 Executing VM operation: HandshakeAllThreads (HandshakeForDeflation)
Event: 29228.004 Executing VM operation: HandshakeAllThreads (HandshakeForDeflation) done
Event: 29228.004 Executing VM operation: RendezvousGCThreads
Event: 29228.004 Executing VM operation: RendezvousGCThreads done
Event: 29288.145 Executing VM operation: HandshakeAllThreads (HandshakeForDeflation)
Event: 29288.146 Executing VM operation: HandshakeAllThreads (HandshakeForDeflation) done
Event: 29288.146 Executing VM operation: RendezvousGCThreads
Event: 29288.146 Executing VM operation: RendezvousGCThreads done

Memory protections (0 events):
No events

Nmethod flushes (0 events):
No events

Events (20 events):
Event: 34.564 Thread 0x000001c7fd57d250 Thread added: 0x000001c7ff63a0e0
Event: 34.934 Thread 0x000001c7ff63a0e0 Thread exited: 0x000001c7ff63a0e0
Event: 44.221 Thread 0x000001c7fe278d60 Thread added: 0x000001c7d8b00b40
Event: 52.597 Thread 0x000001c7d8b00b40 Thread exited: 0x000001c7d8b00b40
Event: 53.456 Thread 0x000001c7fd57d250 Thread added: 0x000001c7fe9a2660
Event: 53.870 Thread 0x000001c7fe9a2660 Thread exited: 0x000001c7fe9a2660
Event: 54.763 Thread 0x000001c7f9b129c0 Thread added: 0x000001c7d8aff100
Event: 54.763 Thread 0x000001c7f9b129c0 Thread added: 0x000001c7d8b01ef0
Event: 54.764 Thread 0x000001c7fd57d250 Thread added: 0x000001c7fec4ecc0
Event: 54.771 Thread 0x000001c7f9b129c0 Thread added: 0x000001c7d8aff790
Event: 54.771 Thread 0x000001c7f9b129c0 Thread added: 0x000001c7d8b004b0
Event: 54.771 Thread 0x000001c7f9b129c0 Thread added: 0x000001c7d8affe20
Event: 55.656 Thread 0x000001c7f9b129c0 Thread added: 0x000001c7d8afea70
Event: 56.567 Thread 0x000001c7fec4ecc0 Thread exited: 0x000001c7fec4ecc0
Event: 56.966 Thread 0x000001c7ffe8c4e0 Thread added: 0x000001c7d8b00b40
Event: 62.113 Thread 0x000001c7f9b129c0 Thread added: 0x000001c7d8b011d0
Event: 62.113 Thread 0x000001c7f9b129c0 Thread added: 0x000001c7d8b01860
Event: 186.023 Thread 0x000001c7ff34dce0 Thread exited: 0x000001c7ff34dce0
Event: 333.729 Thread 0x000001c7fd506680 Thread added: 0x000001c7ff7dd780
Event: 338.835 Thread 0x000001c7ff7dd780 Thread exited: 0x000001c7ff7dd780


Dynamic libraries:
0x00007ff621c30000 - 0x00007ff621c3e000 	c:\Users\NWAJI\.antigravity\extensions\redhat.java-1.51.0-win32-x64\jre\21.0.9-win32-x86_64\bin\java.exe
0x00007ff92eeb0000 - 0x00007ff92f0a8000 	C:\WINDOWS\SYSTEM32\ntdll.dll
0x00007ff92e6b0000 - 0x00007ff92e772000 	C:\WINDOWS\System32\KERNEL32.DLL
0x00007ff92c9a0000 - 0x00007ff92cc96000 	C:\WINDOWS\System32\KERNELBASE.dll
0x00007ff92c8a0000 - 0x00007ff92c9a0000 	C:\WINDOWS\System32\ucrtbase.dll
0x00007ff916a80000 - 0x00007ff916a98000 	c:\Users\NWAJI\.antigravity\extensions\redhat.java-1.51.0-win32-x64\jre\21.0.9-win32-x86_64\bin\jli.dll
0x00007ff92de10000 - 0x00007ff92dfb1000 	C:\WINDOWS\System32\USER32.dll
0x00007ff92cdd0000 - 0x00007ff92cdf2000 	C:\WINDOWS\System32\win32u.dll
0x00007ff92e780000 - 0x00007ff92e7ab000 	C:\WINDOWS\System32\GDI32.dll
0x00007ff92c540000 - 0x00007ff92c659000 	C:\WINDOWS\System32\gdi32full.dll
0x00007ff92cca0000 - 0x00007ff92cd3d000 	C:\WINDOWS\System32\msvcp_win.dll
0x00007ff914c20000 - 0x00007ff914c3e000 	c:\Users\NWAJI\.antigravity\extensions\redhat.java-1.51.0-win32-x64\jre\21.0.9-win32-x86_64\bin\VCRUNTIME140.dll
0x00007ff91b840000 - 0x00007ff91badb000 	C:\WINDOWS\WinSxS\amd64_microsoft.windows.common-controls_6595b64144ccf1df_6.0.19041.6456_none_60b8a6cb71f64256\COMCTL32.dll
0x00007ff92dc10000 - 0x00007ff92dcae000 	C:\WINDOWS\System32\msvcrt.dll
0x00007ff92dde0000 - 0x00007ff92de0f000 	C:\WINDOWS\System32\IMM32.DLL
0x00007ff9169a0000 - 0x00007ff9169ac000 	c:\Users\NWAJI\.antigravity\extensions\redhat.java-1.51.0-win32-x64\jre\21.0.9-win32-x86_64\bin\vcruntime140_1.dll
0x00007ff904a50000 - 0x00007ff904add000 	c:\Users\NWAJI\.antigravity\extensions\redhat.java-1.51.0-win32-x64\jre\21.0.9-win32-x86_64\bin\msvcp140.dll
0x00007ff8df290000 - 0x00007ff8e0030000 	c:\Users\NWAJI\.antigravity\extensions\redhat.java-1.51.0-win32-x64\jre\21.0.9-win32-x86_64\bin\server\jvm.dll
0x00007ff92daf0000 - 0x00007ff92dba1000 	C:\WINDOWS\System32\ADVAPI32.dll
0x00007ff92da50000 - 0x00007ff92daef000 	C:\WINDOWS\System32\sechost.dll
0x00007ff92dfc0000 - 0x00007ff92e0e0000 	C:\WINDOWS\System32\RPCRT4.dll
0x00007ff92c7c0000 - 0x00007ff92c7e7000 	C:\WINDOWS\System32\bcrypt.dll
0x00007ff92e1d0000 - 0x00007ff92e23b000 	C:\WINDOWS\System32\WS2_32.dll
0x00007ff92c2f0000 - 0x00007ff92c33b000 	C:\WINDOWS\SYSTEM32\POWRPROF.dll
0x00007ff91bae0000 - 0x00007ff91bb07000 	C:\WINDOWS\SYSTEM32\WINMM.dll
0x00007ff91c1f0000 - 0x00007ff91c1fa000 	C:\WINDOWS\SYSTEM32\VERSION.dll
0x00007ff92c2d0000 - 0x00007ff92c2e2000 	C:\WINDOWS\SYSTEM32\UMPDC.dll
0x00007ff92a390000 - 0x00007ff92a3a2000 	C:\WINDOWS\SYSTEM32\kernel.appcore.dll
0x00007ff916720000 - 0x00007ff91672a000 	c:\Users\NWAJI\.antigravity\extensions\redhat.java-1.51.0-win32-x64\jre\21.0.9-win32-x86_64\bin\jimage.dll
0x00007ff91bb40000 - 0x00007ff91bd41000 	C:\WINDOWS\SYSTEM32\DBGHELP.DLL
0x00007ff91b6d0000 - 0x00007ff91b704000 	C:\WINDOWS\SYSTEM32\dbgcore.DLL
0x00007ff92cd40000 - 0x00007ff92cdc2000 	C:\WINDOWS\System32\bcryptPrimitives.dll
0x00007ff927010000 - 0x00007ff92701f000 	c:\Users\NWAJI\.antigravity\extensions\redhat.java-1.51.0-win32-x64\jre\21.0.9-win32-x86_64\bin\instrument.dll
0x00007ff9130c0000 - 0x00007ff9130e0000 	c:\Users\NWAJI\.antigravity\extensions\redhat.java-1.51.0-win32-x64\jre\21.0.9-win32-x86_64\bin\java.dll
0x00007ff92d2c0000 - 0x00007ff92da30000 	C:\WINDOWS\System32\SHELL32.dll
0x00007ff92a590000 - 0x00007ff92ad35000 	C:\WINDOWS\SYSTEM32\windows.storage.dll
0x00007ff92cf60000 - 0x00007ff92d2b4000 	C:\WINDOWS\System32\combase.dll
0x00007ff92bf00000 - 0x00007ff92bf2b000 	C:\WINDOWS\SYSTEM32\Wldp.dll
0x00007ff92ed80000 - 0x00007ff92ee4d000 	C:\WINDOWS\System32\OLEAUT32.dll
0x00007ff92eb90000 - 0x00007ff92ec3d000 	C:\WINDOWS\System32\SHCORE.dll
0x00007ff92ed20000 - 0x00007ff92ed7b000 	C:\WINDOWS\System32\shlwapi.dll
0x00007ff92c470000 - 0x00007ff92c494000 	C:\WINDOWS\SYSTEM32\profapi.dll
0x00007ff9130f0000 - 0x00007ff913108000 	c:\Users\NWAJI\.antigravity\extensions\redhat.java-1.51.0-win32-x64\jre\21.0.9-win32-x86_64\bin\zip.dll
0x00007ff914bc0000 - 0x00007ff914bd0000 	C:\Users\NWAJI\.antigravity\extensions\redhat.java-1.51.0-win32-x64\jre\21.0.9-win32-x86_64\bin\net.dll
0x00007ff920100000 - 0x00007ff92020a000 	C:\WINDOWS\SYSTEM32\WINHTTP.dll
0x00007ff92bc60000 - 0x00007ff92bcca000 	C:\WINDOWS\system32\mswsock.dll
0x00007ff9130a0000 - 0x00007ff9130b6000 	C:\Users\NWAJI\.antigravity\extensions\redhat.java-1.51.0-win32-x64\jre\21.0.9-win32-x86_64\bin\nio.dll
0x00007ff927250000 - 0x00007ff927260000 	c:\Users\NWAJI\.antigravity\extensions\redhat.java-1.51.0-win32-x64\jre\21.0.9-win32-x86_64\bin\verify.dll
0x00007ff9114d0000 - 0x00007ff911514000 	C:\Users\NWAJI\AppData\Roaming\Antigravity\User\globalStorage\redhat.java\1.51.0\config_ss_win\org.eclipse.equinox.launcher\org.eclipse.equinox.launcher.win32.win32.x86_64_1.2.1400.v20250801-0854\eclipse_11916.dll
0x00007ff92dcb0000 - 0x00007ff92dddb000 	C:\WINDOWS\System32\ole32.dll
0x00007ff92be50000 - 0x00007ff92be68000 	C:\WINDOWS\SYSTEM32\CRYPTSP.dll
0x00007ff92b510000 - 0x00007ff92b548000 	C:\WINDOWS\system32\rsaenh.dll
0x00007ff92c3f0000 - 0x00007ff92c41e000 	C:\WINDOWS\SYSTEM32\USERENV.dll
0x00007ff92be70000 - 0x00007ff92be7c000 	C:\WINDOWS\SYSTEM32\CRYPTBASE.dll
0x00007ff92b8d0000 - 0x00007ff92b90b000 	C:\WINDOWS\SYSTEM32\IPHLPAPI.DLL
0x00007ff92ee60000 - 0x00007ff92ee68000 	C:\WINDOWS\System32\NSI.dll
0x00007ff901530000 - 0x00007ff901579000 	C:\Users\NWAJI\AppData\Local\Temp\jna--1822936399\jna12480825812153595291.dll
0x00007ff92ee50000 - 0x00007ff92ee58000 	C:\WINDOWS\System32\PSAPI.DLL
0x00007ff9205f0000 - 0x00007ff920607000 	C:\WINDOWS\SYSTEM32\dhcpcsvc6.DLL
0x00007ff922330000 - 0x00007ff92234d000 	C:\WINDOWS\SYSTEM32\dhcpcsvc.DLL

JVMTI agents:
c:\Users\NWAJI\.antigravity\extensions\redhat.java-1.51.0-win32-x64\lombok\lombok-1.18.39-4050.jar path:c:\Users\NWAJI\.antigravity\extensions\redhat.java-1.51.0-win32-x64\jre\21.0.9-win32-x86_64\bin\instrument.dll, loaded, initialized, instrumentlib options:none

dbghelp: loaded successfully - version: 4.0.5 - missing functions: none
symbol engine: initialized successfully - sym options: 0x614 - pdb path: .;c:\Users\NWAJI\.antigravity\extensions\redhat.java-1.51.0-win32-x64\jre\21.0.9-win32-x86_64\bin;C:\WINDOWS\SYSTEM32;C:\WINDOWS\WinSxS\amd64_microsoft.windows.common-controls_6595b64144ccf1df_6.0.19041.6456_none_60b8a6cb71f64256;c:\Users\NWAJI\.antigravity\extensions\redhat.java-1.51.0-win32-x64\jre\21.0.9-win32-x86_64\bin\server;C:\Users\NWAJI\AppData\Roaming\Antigravity\User\globalStorage\redhat.java\1.51.0\config_ss_win\org.eclipse.equinox.launcher\org.eclipse.equinox.launcher.win32.win32.x86_64_1.2.1400.v20250801-0854;C:\Users\NWAJI\AppData\Local\Temp\jna--1822936399

VM Arguments:
jvm_args: --add-modules=ALL-SYSTEM --add-opens=java.base/java.util=ALL-UNNAMED --add-opens=java.base/java.lang=ALL-UNNAMED --add-opens=java.base/sun.nio.fs=ALL-UNNAMED -Declipse.application=org.eclipse.jdt.ls.core.id1 -Dosgi.bundles.defaultStartLevel=4 -Declipse.product=org.eclipse.jdt.ls.core.product -Djava.import.generatesMetadataFilesAtProjectRoot=false -DDetectVMInstallationsJob.disabled=true -Dfile.encoding=utf8 -XX:+UseParallelGC -XX:GCTimeRatio=4 -XX:AdaptiveSizePolicyWeight=90 -Dsun.zip.disableMemoryMapping=true -Xmx2G -Xms100m -Xlog:disable -javaagent:c:\Users\NWAJI\.antigravity\extensions\redhat.java-1.51.0-win32-x64\lombok\lombok-1.18.39-4050.jar 
java_command: c:\Users\NWAJI\.antigravity\extensions\redhat.java-1.51.0-win32-x64\server\plugins\org.eclipse.equinox.launcher_1.7.100.v20251111-0406.jar -configuration c:\Users\NWAJI\AppData\Roaming\Antigravity\User\globalStorage\redhat.java\1.51.0\config_ss_win -data c:\Users\NWAJI\AppData\Roaming\Antigravity\User\workspaceStorage\9ea9b595a67986e0c930374a6114b0ef\redhat.java\ss_ws --pipe=\\.\pipe\lsp-4e23752ef1dc682b1db684612346bb78-sock
java_class_path (initial): c:\Users\NWAJI\.antigravity\extensions\redhat.java-1.51.0-win32-x64\server\plugins\org.eclipse.equinox.launcher_1.7.100.v20251111-0406.jar
Launcher Type: SUN_STANDARD

[Global flags]
    uintx AdaptiveSizePolicyWeight                 = 90                                        {product} {command line}
     intx CICompilerCount                          = 3                                         {product} {ergonomic}
    uintx GCTimeRatio                              = 4                                         {product} {command line}
   size_t InitialHeapSize                          = 104857600                                 {product} {command line}
   size_t MaxHeapSize                              = 2147483648                                {product} {command line}
   size_t MaxNewSize                               = 715653120                                 {product} {ergonomic}
   size_t MinHeapDeltaBytes                        = 524288                                    {product} {ergonomic}
   size_t MinHeapSize                              = 104857600                                 {product} {command line}
   size_t NewSize                                  = 34603008                                  {product} {ergonomic}
    uintx NonNMethodCodeHeapSize                   = 5832780                                {pd product} {ergonomic}
    uintx NonProfiledCodeHeapSize                  = 122912730                              {pd product} {ergonomic}
   size_t OldSize                                  = 70254592                                  {product} {ergonomic}
    uintx ProfiledCodeHeapSize                     = 122912730                              {pd product} {ergonomic}
    uintx ReservedCodeCacheSize                    = 251658240                              {pd product} {ergonomic}
     bool SegmentedCodeCache                       = true                                      {product} {ergonomic}
   size_t SoftMaxHeapSize                          = 2147483648                             {manageable} {ergonomic}
     bool UseCompressedOops                        = true                           {product lp64_product} {ergonomic}
     bool UseLargePagesIndividualAllocation        = false                                  {pd product} {ergonomic}
     bool UseParallelGC                            = true                                      {product} {command line}

Logging:
Log output configuration:
 #0: stdout all=off uptime,level,tags foldmultilines=false
 #1: stderr all=off uptime,level,tags foldmultilines=false

Release file:
JAVA_VERSION="21.0.9" 
MODULES="java.base java.compiler java.datatransfer java.xml java.prefs java.desktop java.instrument java.logging java.management java.security.sasl java.naming java.rmi java.management.rmi java.net.http java.scripting java.security.jgss java.transaction.xa java.sql java.sql.rowset java.xml.crypto java.se java.smartcardio jdk.accessibility jdk.internal.jvmstat jdk.attach jdk.charsets jdk.internal.opt jdk.zipfs jdk.compiler jdk.crypto.ec jdk.crypto.cryptoki jdk.crypto.mscapi jdk.dynalink jdk.internal.ed jdk.editpad jdk.hotspot.agent jdk.httpserver jdk.internal.le jdk.internal.vm.ci jdk.internal.vm.compiler jdk.internal.vm.compiler.management jdk.jartool jdk.javadoc jdk.jcmd jdk.management jdk.management.agent jdk.jconsole jdk.jdeps jdk.jdwp.agent jdk.jdi jdk.jfr jdk.jshell jdk.jsobject jdk.jstatd jdk.localedata jdk.management.jfr jdk.naming.dns jdk.naming.rmi jdk.net jdk.nio.mapmode jdk.random jdk.sctp jdk.security.auth jdk.security.jgss jdk.unsupported jdk.unsupported.desktop jdk.xml.dom" 

Environment Variables:
PATH=C:\Users\NWAJI\AppData\Local\Android\Sdk\build-tools\36.0.0;C:\java\java-1.8.0-openjdk-1.8.0.452.b09-1.win.jdk.x86_64\bin;C:\Users\NWAJI\AppData\Local\Google\Cloud SDK\google-cloud-sdk\bin;C:\xampp\php;C:\Python313\Scripts\;C:\Python313\;C:\Ruby34-x64\bin;C:\Python312\Scripts\;C:\Python312\;C:\Python311\Scripts\;C:\Python311\;C:\Users\NWAJI\AppData\Local\Programs\Python\Python310\Scripts\;C:\Users\NWAJI\AppData\Local\Programs\Python\Python310\;C:\Program Files (x86)\Common Files\Intel\Shared Files\cpp\bin\Intel64;C:\Program Files (x86)\Common Files\Intel\Shared Files\cpp\bin\ia32;C:\Program Files (x86)\Common Files\Intel\Shared Libraries\redist\intel64\compiler;C:\Program Files (x86)\Common Files\Intel\Shared Libraries\redist\ia32\compiler;C:\Program Files (x86)\Intel\iCLS Client\;C:\Program Files\Intel\iCLS Client\;C:\WINDOWS\system32;C:\WINDOWS;C:\WINDOWS\System32\Wbem;C:\WINDOWS\System32\WindowsPowerShell\v1.0\;C:\Program Files (x86)\Intel\Intel(R) Management Engine Components\DAL;C:\Program Files\Intel\Intel(R) Management Engine Components\DAL;C:\Program Files (x86)\Intel\Intel(R) Management Engine Components\IPT;C:\Program Files\Intel\Intel(R) Management Engine Components\IPT;C:\WINDOWS\System32\OpenSSH\;C:\ProgramData\chocolatey\bin;C:\Program Files\dotnet\;C:\Users\NWAJI\AppData\Roaming\nvm;C:\Program Files\nodejs;C:\Program Files\Git\cmd;C:\Program Files\nodejs\;C:\Program Files\MongoDB\Server\{version}\bin;C:\php;C:\composer;C:\Program Files\Microsoft SQL Server\150\Tools\Binn\;C:\Program Files\Microsoft SQL Server\Client SDK\ODBC\170\Tools\Binn\;C:\Users\NWAJI\AppData\Roaming\Python\Python313\Scripts;C:\Users\NWAJI\AppData\Local\Android\Sdk\platform-tools;C:\Program Files (x86)\Windows Kits\10\Windows Performance Toolkit\;C:\Program Files\Docker\Docker\resources\bin;C:\Users\NWAJI\AppData\Local\Google\Cloud SDK\google-cloud-sdk\bin;C:\Users\NWAJI\AppData\Local\Microsoft\WindowsApps;C:\Users\NWAJI\AppData\Local\Programs\Microsoft VS Code\bin;C:\Users\NWAJI\AppData\Local\Programs\Antigravity\bin
USERNAME=TFT PC
OS=Windows_NT
PROCESSOR_IDENTIFIER=Intel64 Family 6 Model 69 Stepping 1, GenuineIntel
TMP=C:\Users\NWAJI\AppData\Local\Temp
TEMP=C:\Users\NWAJI\AppData\Local\Temp




Periodic native trim disabled

---------------  S Y S T E M  ---------------

OS:
 Windows 10 , 64 bit Build 19041 (10.0.19041.5915)
OS uptime: 1 days 11:50 hours

CPU: total 4 (initial active 4) (2 cores per cpu, 2 threads per core) family 6 model 69 stepping 1 microcode 0x25, cx8, cmov, fxsr, ht, mmx, sse, sse2, sse3, ssse3, sse4.1, sse4.2, popcnt, lzcnt, tsc, tscinvbit, avx, avx2, aes, erms, clmul, bmi1, bmi2, fma, vzeroupper, clflush, rdtscp, f16c
Processor Information for the first 4 processors :
  Max Mhz: 2301, Current Mhz: 2100, Mhz Limit: 2093

Memory: 4k page, system-wide physical 8113M (171M free)
TotalPageFile size 20401M (AvailPageFile size 0M)
current process WorkingSet (physical memory assigned to process): 54M, peak: 179M
current process commit charge ("private bytes"): 262M, peak: 282M

vm_info: OpenJDK 64-Bit Server VM (21.0.9+10-LTS) for windows-amd64 JRE (21.0.9+10-LTS), built on 2025-10-21T00:00:00Z by "admin" with unknown MS VC++:1942

END.
